<?xml version="1.0" encoding="UTF-8"?>
<testng-results skipped="0" failed="0" total="1" passed="1">
  <reporter-output>
  </reporter-output>
  <suite name="Command line suite" duration-ms="16180" started-at="2018-05-30T11:39:05Z" finished-at="2018-05-30T11:39:21Z">
    <groups>
    </groups>
    <test name="Command line test" duration-ms="16180" started-at="2018-05-30T11:39:05Z" finished-at="2018-05-30T11:39:21Z">
      <class name="testcase.SubmitNewBkTest">
        <test-method status="PASS" signature="setUp()[pri:0, instance:testcase.SubmitNewBkTest@7f690630]" name="setUp" is-config="true" duration-ms="7560" started-at="2018-05-30T19:39:05Z" finished-at="2018-05-30T19:39:12Z">
          <reporter-output>
          </reporter-output>
        </test-method> <!-- setUp -->
        <test-method status="PASS" signature="submitnewbk()[pri:0, instance:testcase.SubmitNewBkTest@7f690630]" name="submitnewbk" duration-ms="8597" started-at="2018-05-30T19:39:12Z" finished-at="2018-05-30T19:39:21Z">
          <reporter-output>
          </reporter-output>
        </test-method> <!-- submitnewbk -->
        <test-method status="PASS" signature="tearDown()[pri:0, instance:testcase.SubmitNewBkTest@7f690630]" name="tearDown" is-config="true" duration-ms="0" started-at="2018-05-30T19:39:21Z" finished-at="2018-05-30T19:39:21Z">
          <reporter-output>
          </reporter-output>
        </test-method> <!-- tearDown -->
      </class> <!-- testcase.SubmitNewBkTest -->
    </test> <!-- Command line test -->
  </suite> <!-- Command line suite -->
</testng-results>
